[2024-10-23 16:32:51.050] [info] Running: "basecaller" "hac,5mCG_5hmCG@latest" "--device" "cuda:all" "/data1/greenbab/projects/methyl_benchmark_spectrum/data/raw/pod5/split_reads/results/pod5subset/split_by_sample_rate/044T_3_notV14/sample_rate-4000.pod5" "--reference" "/data1/greenbab/database/hg38/v0/Homo_sapiens_assembly38.fasta" "--verbose" "--emit-sam" "--mm2-opts" "-Y"
[2024-10-23 16:32:52.001] [info]  - downloading dna_r9.4.1_e8_hac@v3.3 with httplib
[2024-10-23 16:32:52.040] [error] Failed to download dna_r9.4.1_e8_hac@v3.3: SSL server verification failed
[2024-10-23 16:32:52.041] [info]  - downloading dna_r9.4.1_e8_hac@v3.3 with curl
  % Total    % Received % Xferd  Average Speed   Time    Time     Time  Current
                                 Dload  Upload   Total   Spent    Left  Speed
  0     0    0     0    0     0      0      0 --:--:-- --:--:-- --:--:--     0100 14.6M  100 14.6M    0     0  46.8M      0 --:--:-- --:--:-- --:--:-- 46.8M
[2024-10-23 16:32:52.690] [info]  - downloading dna_r9.4.1_e8_hac@v3.3_5mCG_5hmCG@v0 with httplib
[2024-10-23 16:32:52.720] [error] Failed to download dna_r9.4.1_e8_hac@v3.3_5mCG_5hmCG@v0: SSL server verification failed
[2024-10-23 16:32:52.720] [info]  - downloading dna_r9.4.1_e8_hac@v3.3_5mCG_5hmCG@v0 with curl
  % Total    % Received % Xferd  Average Speed   Time    Time     Time  Current
                                 Dload  Upload   Total   Spent    Left  Speed
  0     0    0     0    0     0      0      0 --:--:-- --:--:-- --:--:--     0  0     0    0     0    0     0      0      0 --:--:-- --:--:-- --:--:--     0100 1748k  100 1748k    0     0  12.3M      0 --:--:-- --:--:-- --:--:-- 12.2M
[2024-10-23 16:32:52.911] [info] > Creating basecall pipeline
[2024-10-23 16:32:52.912] [debug] CRFModelConfig { qscale:0.935600 qbias:-0.172100 stride:5 bias:1 clamp:0 out_features:-1 state_len:4 outsize:1024 blank_score:2.000000 scale:5.000000 num_features:1 sample_rate:-1 sample_type:DNA mean_qscore_start_pos:60 SignalNormalisationParams { strategy:med_mad} BasecallerParams { chunk_size:10000 overlap:500 batch_size:0} convs: { 0: ConvParams { insize:1 size:4 winlen:5 stride:1 activation:swish} 1: ConvParams { insize:4 size:16 winlen:5 stride:1 activation:swish} 2: ConvParams { insize:16 size:384 winlen:19 stride:5 activation:swish}} model_type: lstm { bias:1 outsize:1024 blank_score:2.000000 scale:5.000000}}
[2024-10-23 16:32:54.033] [debug] cuda:1 memory available: 47.10GB
[2024-10-23 16:32:54.033] [debug] cuda:1 memory limit 45.69GB
[2024-10-23 16:32:54.033] [debug] cuda:1 maximum safe estimated batch size at chunk size 10000 is 5696
[2024-10-23 16:32:54.033] [debug] cuda:1 maximum safe estimated batch size at chunk size 5000 is 11456
[2024-10-23 16:32:54.033] [debug] Auto batchsize cuda:1: testing up to 10240 in steps of 64
[2024-10-23 16:32:54.033] [debug] cuda:0 memory available: 47.10GB
[2024-10-23 16:32:54.034] [debug] cuda:0 memory limit 45.69GB
[2024-10-23 16:32:54.035] [debug] cuda:0 maximum safe estimated batch size at chunk size 10000 is 5696
[2024-10-23 16:32:54.035] [debug] cuda:0 maximum safe estimated batch size at chunk size 5000 is 11456
[2024-10-23 16:32:54.035] [debug] Auto batchsize cuda:0: testing up to 10240 in steps of 64
[2024-10-23 16:32:54.035] [warning] Unable to find chunk benchmarks for GPU "NVIDIA L40S", model /data1/greenbab/users/ahunos/apps/workflows/methylation_workflows/DNAme_BulkONT_Cancer_wf/.temp_dorado_model-57d727d2a4c045c/dna_r9.4.1_e8_hac@v3.3 and chunk size 1440. Full benchmarking will run for this device, which may take some time.
[2024-10-23 16:32:54.035] [warning] Unable to find chunk benchmarks for GPU "NVIDIA L40S", model /data1/greenbab/users/ahunos/apps/workflows/methylation_workflows/DNAme_BulkONT_Cancer_wf/.temp_dorado_model-57d727d2a4c045c/dna_r9.4.1_e8_hac@v3.3 and chunk size 1440. Full benchmarking will run for this device, which may take some time.
[2024-10-23 16:32:54.582] [debug] Auto batchsize cuda:1: 64, time per chunk 4.043826 ms
[2024-10-23 16:32:54.589] [debug] Auto batchsize cuda:0: 64, time per chunk 3.447584 ms
[2024-10-23 16:32:55.040] [debug] Auto batchsize cuda:1: 128, time per chunk 1.678696 ms
[2024-10-23 16:32:55.073] [debug] Auto batchsize cuda:0: 128, time per chunk 1.629648 ms
[2024-10-23 16:32:55.485] [debug] Auto batchsize cuda:1: 192, time per chunk 1.118708 ms
[2024-10-23 16:32:55.552] [debug] Auto batchsize cuda:0: 192, time per chunk 1.147931 ms
[2024-10-23 16:32:55.977] [debug] Auto batchsize cuda:1: 256, time per chunk 0.868076 ms
[2024-10-23 16:32:56.017] [debug] Auto batchsize cuda:0: 256, time per chunk 0.827176 ms
[2024-10-23 16:32:56.453] [debug] Auto batchsize cuda:1: 320, time per chunk 0.713261 ms
[2024-10-23 16:32:56.490] [debug] Auto batchsize cuda:0: 320, time per chunk 0.713312 ms
[2024-10-23 16:32:56.927] [debug] Auto batchsize cuda:1: 384, time per chunk 0.584837 ms
[2024-10-23 16:32:56.960] [debug] Auto batchsize cuda:0: 384, time per chunk 0.512627 ms
[2024-10-23 16:32:57.396] [debug] Auto batchsize cuda:1: 448, time per chunk 0.439998 ms
[2024-10-23 16:32:57.444] [debug] Auto batchsize cuda:0: 448, time per chunk 0.504805 ms
[2024-10-23 16:32:57.897] [debug] Auto batchsize cuda:1: 512, time per chunk 0.435407 ms
[2024-10-23 16:32:57.901] [debug] Auto batchsize cuda:0: 512, time per chunk 0.398378 ms
[2024-10-23 16:32:58.368] [debug] Auto batchsize cuda:1: 576, time per chunk 0.357333 ms
[2024-10-23 16:32:58.387] [debug] Auto batchsize cuda:0: 576, time per chunk 0.393472 ms
[2024-10-23 16:32:58.858] [debug] Auto batchsize cuda:1: 640, time per chunk 0.338669 ms
[2024-10-23 16:32:58.895] [debug] Auto batchsize cuda:0: 640, time per chunk 0.339552 ms
[2024-10-23 16:32:59.311] [debug] Auto batchsize cuda:1: 704, time per chunk 0.287512 ms
[2024-10-23 16:32:59.345] [debug] Auto batchsize cuda:0: 704, time per chunk 0.291241 ms
[2024-10-23 16:32:59.812] [debug] Auto batchsize cuda:1: 768, time per chunk 0.314747 ms
[2024-10-23 16:32:59.839] [debug] Auto batchsize cuda:0: 768, time per chunk 0.266071 ms
[2024-10-23 16:33:00.307] [debug] Auto batchsize cuda:1: 832, time per chunk 0.281488 ms
[2024-10-23 16:33:00.337] [debug] Auto batchsize cuda:0: 832, time per chunk 0.264950 ms
[2024-10-23 16:33:00.804] [debug] Auto batchsize cuda:1: 896, time per chunk 0.267181 ms
[2024-10-23 16:33:00.830] [debug] Auto batchsize cuda:0: 896, time per chunk 0.246433 ms
[2024-10-23 16:33:01.309] [debug] Auto batchsize cuda:1: 960, time per chunk 0.230589 ms
[2024-10-23 16:33:01.315] [debug] Auto batchsize cuda:0: 960, time per chunk 0.222560 ms
[2024-10-23 16:33:01.801] [debug] Auto batchsize cuda:1: 1024, time per chunk 0.214816 ms
[2024-10-23 16:33:01.825] [debug] Auto batchsize cuda:0: 1024, time per chunk 0.222421 ms
[2024-10-23 16:33:02.300] [debug] Auto batchsize cuda:1: 1088, time per chunk 0.199602 ms
[2024-10-23 16:33:02.333] [debug] Auto batchsize cuda:0: 1088, time per chunk 0.209750 ms
[2024-10-23 16:33:02.808] [debug] Auto batchsize cuda:1: 1152, time per chunk 0.196350 ms
[2024-10-23 16:33:02.813] [debug] Auto batchsize cuda:0: 1152, time per chunk 0.187222 ms
[2024-10-23 16:33:03.313] [debug] Auto batchsize cuda:1: 1216, time per chunk 0.189890 ms
[2024-10-23 16:33:03.313] [debug] Auto batchsize cuda:0: 1216, time per chunk 0.177433 ms
[2024-10-23 16:33:03.806] [debug] Auto batchsize cuda:1: 1280, time per chunk 0.176206 ms
[2024-10-23 16:33:03.819] [debug] Auto batchsize cuda:0: 1280, time per chunk 0.156318 ms
[2024-10-23 16:33:04.286] [debug] Auto batchsize cuda:0: 1344, time per chunk 0.161419 ms
[2024-10-23 16:33:04.286] [debug] Auto batchsize cuda:1: 1344, time per chunk 0.166576 ms
[2024-10-23 16:33:04.778] [debug] Auto batchsize cuda:1: 1408, time per chunk 0.173359 ms
[2024-10-23 16:33:04.787] [debug] Auto batchsize cuda:0: 1408, time per chunk 0.163729 ms
[2024-10-23 16:33:05.286] [debug] Auto batchsize cuda:1: 1472, time per chunk 0.160210 ms
[2024-10-23 16:33:05.286] [debug] Auto batchsize cuda:0: 1472, time per chunk 0.150975 ms
[2024-10-23 16:33:05.793] [debug] Auto batchsize cuda:0: 1536, time per chunk 0.155781 ms
[2024-10-23 16:33:05.793] [debug] Auto batchsize cuda:1: 1536, time per chunk 0.142399 ms
[2024-10-23 16:33:06.301] [debug] Auto batchsize cuda:0: 1600, time per chunk 0.140367 ms
[2024-10-23 16:33:06.301] [debug] Auto batchsize cuda:1: 1600, time per chunk 0.154735 ms
[2024-10-23 16:33:06.767] [debug] Auto batchsize cuda:1: 1664, time per chunk 0.127348 ms
[2024-10-23 16:33:06.778] [debug] Auto batchsize cuda:0: 1664, time per chunk 0.142290 ms
[2024-10-23 16:33:07.257] [debug] Auto batchsize cuda:1: 1728, time per chunk 0.137540 ms
[2024-10-23 16:33:07.284] [debug] Auto batchsize cuda:0: 1728, time per chunk 0.131575 ms
[2024-10-23 16:33:07.746] [debug] Auto batchsize cuda:0: 1792, time per chunk 0.118090 ms
[2024-10-23 16:33:07.746] [debug] Auto batchsize cuda:1: 1792, time per chunk 0.126597 ms
[2024-10-23 16:33:08.224] [debug] Auto batchsize cuda:1: 1856, time per chunk 0.118808 ms
[2024-10-23 16:33:08.224] [debug] Auto batchsize cuda:0: 1856, time per chunk 0.127078 ms
[2024-10-23 16:33:08.698] [debug] Auto batchsize cuda:0: 1920, time per chunk 0.108859 ms
[2024-10-23 16:33:08.698] [debug] Auto batchsize cuda:1: 1920, time per chunk 0.119027 ms
[2024-10-23 16:33:09.162] [debug] Auto batchsize cuda:1: 1984, time per chunk 0.111571 ms
[2024-10-23 16:33:09.189] [debug] Auto batchsize cuda:0: 1984, time per chunk 0.113458 ms
[2024-10-23 16:33:09.638] [debug] Auto batchsize cuda:1: 2048, time per chunk 0.107137 ms
[2024-10-23 16:33:09.662] [debug] Auto batchsize cuda:0: 2048, time per chunk 0.103168 ms
[2024-10-23 16:33:10.140] [debug] Auto batchsize cuda:1: 2112, time per chunk 0.111091 ms
[2024-10-23 16:33:10.140] [debug] Auto batchsize cuda:0: 2112, time per chunk 0.106713 ms
[2024-10-23 16:33:10.611] [debug] Auto batchsize cuda:1: 2176, time per chunk 0.102576 ms
[2024-10-23 16:33:10.611] [debug] Auto batchsize cuda:0: 2176, time per chunk 0.102396 ms
[2024-10-23 16:33:11.101] [debug] Auto batchsize cuda:1: 2240, time per chunk 0.105485 ms
[2024-10-23 16:33:11.101] [debug] Auto batchsize cuda:0: 2240, time per chunk 0.102167 ms
[2024-10-23 16:33:11.587] [debug] Auto batchsize cuda:1: 2304, time per chunk 0.098068 ms
[2024-10-23 16:33:11.587] [debug] Auto batchsize cuda:0: 2304, time per chunk 0.096492 ms
[2024-10-23 16:33:12.070] [debug] Auto batchsize cuda:0: 2368, time per chunk 0.095470 ms
[2024-10-23 16:33:12.070] [debug] Auto batchsize cuda:1: 2368, time per chunk 0.094701 ms
[2024-10-23 16:33:12.561] [debug] Auto batchsize cuda:1: 2432, time per chunk 0.091511 ms
[2024-10-23 16:33:12.561] [debug] Auto batchsize cuda:0: 2432, time per chunk 0.093177 ms
[2024-10-23 16:33:13.044] [debug] Auto batchsize cuda:0: 2496, time per chunk 0.091613 ms
[2024-10-23 16:33:13.044] [debug] Auto batchsize cuda:1: 2496, time per chunk 0.090111 ms
[2024-10-23 16:33:13.532] [debug] Auto batchsize cuda:1: 2560, time per chunk 0.088767 ms
[2024-10-23 16:33:13.532] [debug] Auto batchsize cuda:0: 2560, time per chunk 0.089971 ms
[2024-10-23 16:33:14.006] [debug] Auto batchsize cuda:0: 2624, time per chunk 0.085548 ms
[2024-10-23 16:33:14.006] [debug] Auto batchsize cuda:1: 2624, time per chunk 0.086015 ms
[2024-10-23 16:33:14.468] [debug] Auto batchsize cuda:1: 2688, time per chunk 0.080727 ms
[2024-10-23 16:33:14.496] [debug] Auto batchsize cuda:0: 2688, time per chunk 0.080839 ms
[2024-10-23 16:33:14.959] [debug] Auto batchsize cuda:1: 2752, time per chunk 0.082236 ms
[2024-10-23 16:33:14.959] [debug] Auto batchsize cuda:0: 2752, time per chunk 0.079617 ms
[2024-10-23 16:33:15.449] [debug] Auto batchsize cuda:0: 2816, time per chunk 0.079906 ms
[2024-10-23 16:33:15.449] [debug] Auto batchsize cuda:1: 2816, time per chunk 0.086472 ms
[2024-10-23 16:33:15.934] [debug] Auto batchsize cuda:0: 2880, time per chunk 0.082064 ms
[2024-10-23 16:33:15.934] [debug] Auto batchsize cuda:1: 2880, time per chunk 0.074837 ms
[2024-10-23 16:33:16.429] [debug] Auto batchsize cuda:1: 2944, time per chunk 0.075696 ms
[2024-10-23 16:33:16.429] [debug] Auto batchsize cuda:0: 2944, time per chunk 0.081608 ms
[2024-10-23 16:33:16.919] [debug] Auto batchsize cuda:0: 3008, time per chunk 0.075535 ms
[2024-10-23 16:33:16.919] [debug] Auto batchsize cuda:1: 3008, time per chunk 0.075522 ms
[2024-10-23 16:33:17.431] [debug] Auto batchsize cuda:1: 3072, time per chunk 0.079619 ms
[2024-10-23 16:33:17.431] [debug] Auto batchsize cuda:0: 3072, time per chunk 0.077424 ms
[2024-10-23 16:33:17.925] [debug] Auto batchsize cuda:1: 3136, time per chunk 0.073517 ms
[2024-10-23 16:33:17.953] [debug] Auto batchsize cuda:0: 3136, time per chunk 0.074781 ms
[2024-10-23 16:33:18.426] [debug] Auto batchsize cuda:1: 3200, time per chunk 0.072089 ms
[2024-10-23 16:33:18.458] [debug] Auto batchsize cuda:0: 3200, time per chunk 0.072276 ms
[2024-10-23 16:33:18.922] [debug] Auto batchsize cuda:1: 3264, time per chunk 0.070521 ms
[2024-10-23 16:33:18.956] [debug] Auto batchsize cuda:0: 3264, time per chunk 0.068698 ms
[2024-10-23 16:33:19.400] [debug] Auto batchsize cuda:1: 3328, time per chunk 0.067389 ms
[2024-10-23 16:33:19.454] [debug] Auto batchsize cuda:0: 3328, time per chunk 0.067811 ms
[2024-10-23 16:33:19.883] [debug] Auto batchsize cuda:1: 3392, time per chunk 0.067802 ms
[2024-10-23 16:33:19.961] [debug] Auto batchsize cuda:0: 3392, time per chunk 0.069274 ms
[2024-10-23 16:33:20.409] [debug] Auto batchsize cuda:1: 3456, time per chunk 0.068971 ms
[2024-10-23 16:33:20.467] [debug] Auto batchsize cuda:0: 3456, time per chunk 0.068791 ms
[2024-10-23 16:33:20.899] [debug] Auto batchsize cuda:1: 3520, time per chunk 0.065468 ms
[2024-10-23 16:33:20.958] [debug] Auto batchsize cuda:0: 3520, time per chunk 0.064840 ms
[2024-10-23 16:33:21.393] [debug] Auto batchsize cuda:1: 3584, time per chunk 0.063046 ms
[2024-10-23 16:33:21.471] [debug] Auto batchsize cuda:0: 3584, time per chunk 0.066500 ms
[2024-10-23 16:33:21.909] [debug] Auto batchsize cuda:1: 3648, time per chunk 0.063908 ms
[2024-10-23 16:33:21.968] [debug] Auto batchsize cuda:0: 3648, time per chunk 0.061178 ms
[2024-10-23 16:33:22.398] [debug] Auto batchsize cuda:1: 3712, time per chunk 0.063317 ms
[2024-10-23 16:33:22.480] [debug] Auto batchsize cuda:0: 3712, time per chunk 0.065169 ms
[2024-10-23 16:33:22.901] [debug] Auto batchsize cuda:1: 3776, time per chunk 0.061560 ms
[2024-10-23 16:33:22.967] [debug] Auto batchsize cuda:0: 3776, time per chunk 0.058880 ms
[2024-10-23 16:33:23.406] [debug] Auto batchsize cuda:1: 3840, time per chunk 0.057914 ms
[2024-10-23 16:33:23.492] [debug] Auto batchsize cuda:0: 3840, time per chunk 0.061718 ms
[2024-10-23 16:33:23.897] [debug] Auto batchsize cuda:1: 3904, time per chunk 0.059167 ms
[2024-10-23 16:33:23.982] [debug] Auto batchsize cuda:0: 3904, time per chunk 0.060168 ms
[2024-10-23 16:33:24.392] [debug] Auto batchsize cuda:1: 3968, time per chunk 0.058397 ms
[2024-10-23 16:33:24.471] [debug] Auto batchsize cuda:0: 3968, time per chunk 0.058138 ms
[2024-10-23 16:33:24.910] [debug] Auto batchsize cuda:1: 4032, time per chunk 0.060712 ms
[2024-10-23 16:33:24.979] [debug] Auto batchsize cuda:0: 4032, time per chunk 0.058415 ms
[2024-10-23 16:33:25.414] [debug] Auto batchsize cuda:1: 4096, time per chunk 0.057038 ms
[2024-10-23 16:33:25.480] [debug] Auto batchsize cuda:0: 4096, time per chunk 0.056906 ms
[2024-10-23 16:33:25.926] [debug] Auto batchsize cuda:1: 4160, time per chunk 0.055957 ms
[2024-10-23 16:33:25.996] [debug] Auto batchsize cuda:0: 4160, time per chunk 0.056407 ms
[2024-10-23 16:33:26.418] [debug] Auto batchsize cuda:1: 4224, time per chunk 0.054261 ms
[2024-10-23 16:33:26.487] [debug] Auto batchsize cuda:0: 4224, time per chunk 0.054587 ms
[2024-10-23 16:33:26.923] [debug] Auto batchsize cuda:1: 4288, time per chunk 0.053782 ms
[2024-10-23 16:33:26.981] [debug] Auto batchsize cuda:0: 4288, time per chunk 0.050449 ms
[2024-10-23 16:33:27.410] [debug] Auto batchsize cuda:1: 4352, time per chunk 0.053640 ms
[2024-10-23 16:33:27.477] [debug] Auto batchsize cuda:0: 4352, time per chunk 0.053463 ms
[2024-10-23 16:33:27.920] [debug] Auto batchsize cuda:1: 4416, time per chunk 0.053083 ms
[2024-10-23 16:33:27.966] [debug] Auto batchsize cuda:0: 4416, time per chunk 0.051287 ms
[2024-10-23 16:33:28.411] [debug] Auto batchsize cuda:1: 4480, time per chunk 0.049241 ms
[2024-10-23 16:33:28.482] [debug] Auto batchsize cuda:0: 4480, time per chunk 0.051864 ms
[2024-10-23 16:33:28.907] [debug] Auto batchsize cuda:1: 4544, time per chunk 0.049338 ms
[2024-10-23 16:33:28.990] [debug] Auto batchsize cuda:0: 4544, time per chunk 0.049521 ms
[2024-10-23 16:33:29.410] [debug] Auto batchsize cuda:1: 4608, time per chunk 0.047857 ms
[2024-10-23 16:33:29.497] [debug] Auto batchsize cuda:0: 4608, time per chunk 0.051108 ms
[2024-10-23 16:33:29.897] [debug] Auto batchsize cuda:1: 4672, time per chunk 0.048362 ms
[2024-10-23 16:33:29.997] [debug] Auto batchsize cuda:0: 4672, time per chunk 0.049767 ms
[2024-10-23 16:33:30.401] [debug] Auto batchsize cuda:1: 4736, time per chunk 0.048406 ms
[2024-10-23 16:33:30.499] [debug] Auto batchsize cuda:0: 4736, time per chunk 0.050206 ms
[2024-10-23 16:33:30.904] [debug] Auto batchsize cuda:1: 4800, time per chunk 0.048845 ms
[2024-10-23 16:33:30.999] [debug] Auto batchsize cuda:0: 4800, time per chunk 0.049081 ms
[2024-10-23 16:33:31.409] [debug] Auto batchsize cuda:1: 4864, time per chunk 0.049540 ms
[2024-10-23 16:33:31.493] [debug] Auto batchsize cuda:0: 4864, time per chunk 0.047346 ms
[2024-10-23 16:33:31.911] [debug] Auto batchsize cuda:1: 4928, time per chunk 0.048686 ms
[2024-10-23 16:33:31.994] [debug] Auto batchsize cuda:0: 4928, time per chunk 0.049128 ms
[2024-10-23 16:33:32.427] [debug] Auto batchsize cuda:1: 4992, time per chunk 0.048220 ms
[2024-10-23 16:33:32.490] [debug] Auto batchsize cuda:0: 4992, time per chunk 0.047229 ms
[2024-10-23 16:33:32.927] [debug] Auto batchsize cuda:1: 5056, time per chunk 0.045936 ms
[2024-10-23 16:33:32.989] [debug] Auto batchsize cuda:0: 5056, time per chunk 0.045895 ms
[2024-10-23 16:33:33.440] [debug] Auto batchsize cuda:1: 5120, time per chunk 0.046385 ms
[2024-10-23 16:33:33.476] [debug] Auto batchsize cuda:0: 5120, time per chunk 0.042795 ms
[2024-10-23 16:33:33.979] [debug] Auto batchsize cuda:1: 5184, time per chunk 0.047656 ms
[2024-10-23 16:33:33.979] [debug] Auto batchsize cuda:0: 5184, time per chunk 0.045641 ms
[2024-10-23 16:33:34.487] [debug] Auto batchsize cuda:0: 5248, time per chunk 0.044781 ms
[2024-10-23 16:33:34.487] [debug] Auto batchsize cuda:1: 5248, time per chunk 0.045121 ms
[2024-10-23 16:33:34.999] [debug] Auto batchsize cuda:0: 5312, time per chunk 0.045013 ms
[2024-10-23 16:33:34.999] [debug] Auto batchsize cuda:1: 5312, time per chunk 0.046917 ms
[2024-10-23 16:33:35.517] [debug] Auto batchsize cuda:1: 5376, time per chunk 0.044243 ms
[2024-10-23 16:33:35.518] [debug] Auto batchsize cuda:0: 5376, time per chunk 0.044628 ms
[2024-10-23 16:33:36.008] [debug] Auto batchsize cuda:0: 5440, time per chunk 0.043379 ms
[2024-10-23 16:33:36.071] [debug] Auto batchsize cuda:1: 5440, time per chunk 0.046260 ms
[2024-10-23 16:33:36.585] [debug] Auto batchsize cuda:0: 5504, time per chunk 0.047940 ms
[2024-10-23 16:33:36.585] [debug] Auto batchsize cuda:1: 5504, time per chunk 0.043398 ms
[2024-10-23 16:33:37.109] [debug] Auto batchsize cuda:1: 5568, time per chunk 0.042996 ms
[2024-10-23 16:33:37.109] [debug] Auto batchsize cuda:0: 5568, time per chunk 0.043382 ms
[2024-10-23 16:33:37.605] [debug] Auto batchsize cuda:0: 5632, time per chunk 0.042732 ms
[2024-10-23 16:33:37.644] [debug] Auto batchsize cuda:1: 5632, time per chunk 0.046220 ms
[2024-10-23 16:33:38.123] [debug] Auto batchsize cuda:0: 5696, time per chunk 0.042303 ms
[2024-10-23 16:33:38.173] [debug] Auto batchsize cuda:1: 5696, time per chunk 0.042477 ms
[2024-10-23 16:33:38.647] [debug] Auto batchsize cuda:0: 5760, time per chunk 0.043453 ms
[2024-10-23 16:33:38.682] [debug] Auto batchsize cuda:1: 5760, time per chunk 0.042367 ms
[2024-10-23 16:33:39.208] [debug] Auto batchsize cuda:0: 5824, time per chunk 0.041450 ms
[2024-10-23 16:33:39.208] [debug] Auto batchsize cuda:1: 5824, time per chunk 0.042018 ms
[2024-10-23 16:33:39.734] [debug] Auto batchsize cuda:0: 5888, time per chunk 0.041927 ms
[2024-10-23 16:33:39.734] [debug] Auto batchsize cuda:1: 5888, time per chunk 0.042381 ms
[2024-10-23 16:33:40.259] [debug] Auto batchsize cuda:1: 5952, time per chunk 0.040736 ms
[2024-10-23 16:33:40.259] [debug] Auto batchsize cuda:0: 5952, time per chunk 0.042583 ms
[2024-10-23 16:33:40.798] [debug] Auto batchsize cuda:0: 6016, time per chunk 0.041871 ms
[2024-10-23 16:33:40.798] [debug] Auto batchsize cuda:1: 6016, time per chunk 0.044094 ms
[2024-10-23 16:33:41.330] [debug] Auto batchsize cuda:0: 6080, time per chunk 0.039952 ms
[2024-10-23 16:33:41.330] [debug] Auto batchsize cuda:1: 6080, time per chunk 0.040596 ms
[2024-10-23 16:33:41.853] [debug] Auto batchsize cuda:0: 6144, time per chunk 0.039217 ms
[2024-10-23 16:33:41.853] [debug] Auto batchsize cuda:1: 6144, time per chunk 0.039745 ms
[2024-10-23 16:33:42.378] [debug] Auto batchsize cuda:0: 6208, time per chunk 0.039205 ms
[2024-10-23 16:33:42.378] [debug] Auto batchsize cuda:1: 6208, time per chunk 0.041132 ms
[2024-10-23 16:33:42.908] [debug] Auto batchsize cuda:1: 6272, time per chunk 0.039131 ms
[2024-10-23 16:33:42.909] [debug] Auto batchsize cuda:0: 6272, time per chunk 0.039131 ms
[2024-10-23 16:33:43.437] [debug] Auto batchsize cuda:1: 6336, time per chunk 0.040093 ms
[2024-10-23 16:33:43.437] [debug] Auto batchsize cuda:0: 6336, time per chunk 0.039394 ms
[2024-10-23 16:33:43.966] [debug] Auto batchsize cuda:0: 6400, time per chunk 0.039221 ms
[2024-10-23 16:33:43.966] [debug] Auto batchsize cuda:1: 6400, time per chunk 0.038680 ms
[2024-10-23 16:33:44.500] [debug] Auto batchsize cuda:1: 6464, time per chunk 0.037949 ms
[2024-10-23 16:33:44.500] [debug] Auto batchsize cuda:0: 6464, time per chunk 0.037081 ms
[2024-10-23 16:33:45.042] [debug] Auto batchsize cuda:0: 6528, time per chunk 0.038889 ms
[2024-10-23 16:33:45.042] [debug] Auto batchsize cuda:1: 6528, time per chunk 0.040927 ms
[2024-10-23 16:33:45.567] [debug] Auto batchsize cuda:1: 6592, time per chunk 0.036010 ms
[2024-10-23 16:33:45.596] [debug] Auto batchsize cuda:0: 6592, time per chunk 0.039657 ms
[2024-10-23 16:33:46.130] [debug] Auto batchsize cuda:1: 6656, time per chunk 0.036987 ms
[2024-10-23 16:33:46.130] [debug] Auto batchsize cuda:0: 6656, time per chunk 0.036675 ms
[2024-10-23 16:33:46.669] [debug] Auto batchsize cuda:0: 6720, time per chunk 0.037914 ms
[2024-10-23 16:33:46.669] [debug] Auto batchsize cuda:1: 6720, time per chunk 0.037781 ms
[2024-10-23 16:33:47.208] [debug] Auto batchsize cuda:1: 6784, time per chunk 0.037539 ms
[2024-10-23 16:33:47.208] [debug] Auto batchsize cuda:0: 6784, time per chunk 0.036014 ms
[2024-10-23 16:33:47.756] [debug] Auto batchsize cuda:0: 6848, time per chunk 0.037784 ms
[2024-10-23 16:33:47.756] [debug] Auto batchsize cuda:1: 6848, time per chunk 0.038355 ms
[2024-10-23 16:33:48.293] [debug] Auto batchsize cuda:0: 6912, time per chunk 0.037146 ms
[2024-10-23 16:33:48.293] [debug] Auto batchsize cuda:1: 6912, time per chunk 0.037310 ms
[2024-10-23 16:33:48.847] [debug] Auto batchsize cuda:1: 6976, time per chunk 0.035692 ms
[2024-10-23 16:33:48.847] [debug] Auto batchsize cuda:0: 6976, time per chunk 0.038739 ms
[2024-10-23 16:33:49.385] [debug] Auto batchsize cuda:0: 7040, time per chunk 0.035341 ms
[2024-10-23 16:33:49.385] [debug] Auto batchsize cuda:1: 7040, time per chunk 0.035146 ms
[2024-10-23 16:33:49.931] [debug] Auto batchsize cuda:1: 7104, time per chunk 0.036238 ms
[2024-10-23 16:33:49.931] [debug] Auto batchsize cuda:0: 7104, time per chunk 0.034959 ms
[2024-10-23 16:33:50.464] [debug] Auto batchsize cuda:0: 7168, time per chunk 0.034356 ms
[2024-10-23 16:33:50.464] [debug] Auto batchsize cuda:1: 7168, time per chunk 0.036167 ms
[2024-10-23 16:33:50.999] [debug] Auto batchsize cuda:1: 7232, time per chunk 0.034572 ms
[2024-10-23 16:33:50.999] [debug] Auto batchsize cuda:0: 7232, time per chunk 0.034023 ms
[2024-10-23 16:33:51.550] [debug] Auto batchsize cuda:0: 7296, time per chunk 0.033848 ms
[2024-10-23 16:33:51.550] [debug] Auto batchsize cuda:1: 7296, time per chunk 0.035661 ms
[2024-10-23 16:33:52.117] [debug] Auto batchsize cuda:1: 7360, time per chunk 0.034012 ms
[2024-10-23 16:33:52.117] [debug] Auto batchsize cuda:0: 7360, time per chunk 0.036054 ms
[2024-10-23 16:33:52.657] [debug] Auto batchsize cuda:1: 7424, time per chunk 0.033562 ms
[2024-10-23 16:33:52.657] [debug] Auto batchsize cuda:0: 7424, time per chunk 0.033600 ms
[2024-10-23 16:33:53.193] [debug] Auto batchsize cuda:0: 7488, time per chunk 0.033616 ms
[2024-10-23 16:33:53.193] [debug] Auto batchsize cuda:1: 7488, time per chunk 0.033405 ms
[2024-10-23 16:33:53.745] [debug] Auto batchsize cuda:1: 7552, time per chunk 0.032018 ms
[2024-10-23 16:33:53.745] [debug] Auto batchsize cuda:0: 7552, time per chunk 0.034742 ms
[2024-10-23 16:33:54.289] [debug] Auto batchsize cuda:0: 7616, time per chunk 0.032761 ms
[2024-10-23 16:33:54.289] [debug] Auto batchsize cuda:1: 7616, time per chunk 0.032947 ms
[2024-10-23 16:33:54.833] [debug] Auto batchsize cuda:1: 7680, time per chunk 0.032767 ms
[2024-10-23 16:33:54.833] [debug] Auto batchsize cuda:0: 7680, time per chunk 0.032718 ms
[2024-10-23 16:33:55.387] [debug] Auto batchsize cuda:0: 7744, time per chunk 0.032202 ms
[2024-10-23 16:33:55.387] [debug] Auto batchsize cuda:1: 7744, time per chunk 0.035055 ms
[2024-10-23 16:33:55.930] [debug] Auto batchsize cuda:1: 7808, time per chunk 0.032046 ms
[2024-10-23 16:33:55.930] [debug] Auto batchsize cuda:0: 7808, time per chunk 0.032174 ms
[2024-10-23 16:33:56.480] [debug] Auto batchsize cuda:0: 7872, time per chunk 0.033241 ms
[2024-10-23 16:33:56.480] [debug] Auto batchsize cuda:1: 7872, time per chunk 0.031799 ms
[2024-10-23 16:33:57.033] [debug] Auto batchsize cuda:1: 7936, time per chunk 0.031346 ms
[2024-10-23 16:33:57.033] [debug] Auto batchsize cuda:0: 7936, time per chunk 0.032017 ms
[2024-10-23 16:33:57.598] [debug] Auto batchsize cuda:1: 8000, time per chunk 0.031719 ms
[2024-10-23 16:33:57.598] [debug] Auto batchsize cuda:0: 8000, time per chunk 0.032862 ms
[2024-10-23 16:33:58.167] [debug] Auto batchsize cuda:1: 8064, time per chunk 0.031370 ms
[2024-10-23 16:33:58.168] [debug] Auto batchsize cuda:0: 8064, time per chunk 0.031334 ms
[2024-10-23 16:33:58.728] [debug] Auto batchsize cuda:0: 8128, time per chunk 0.032300 ms
[2024-10-23 16:33:58.728] [debug] Auto batchsize cuda:1: 8128, time per chunk 0.031888 ms
[2024-10-23 16:33:59.277] [debug] Auto batchsize cuda:1: 8192, time per chunk 0.030808 ms
[2024-10-23 16:33:59.278] [debug] Auto batchsize cuda:0: 8192, time per chunk 0.030980 ms
[2024-10-23 16:33:59.833] [debug] Auto batchsize cuda:1: 8256, time per chunk 0.030609 ms
[2024-10-23 16:33:59.833] [debug] Auto batchsize cuda:0: 8256, time per chunk 0.032121 ms
[2024-10-23 16:34:00.394] [debug] Auto batchsize cuda:1: 8320, time per chunk 0.030505 ms
[2024-10-23 16:34:00.394] [debug] Auto batchsize cuda:0: 8320, time per chunk 0.030578 ms
[2024-10-23 16:34:00.959] [debug] Auto batchsize cuda:0: 8384, time per chunk 0.031582 ms
[2024-10-23 16:34:00.959] [debug] Auto batchsize cuda:1: 8384, time per chunk 0.031821 ms
[2024-10-23 16:34:01.518] [debug] Auto batchsize cuda:1: 8448, time per chunk 0.031586 ms
[2024-10-23 16:34:01.518] [debug] Auto batchsize cuda:0: 8448, time per chunk 0.028859 ms
[2024-10-23 16:34:02.084] [debug] Auto batchsize cuda:0: 8512, time per chunk 0.029960 ms
[2024-10-23 16:34:02.084] [debug] Auto batchsize cuda:1: 8512, time per chunk 0.031338 ms
[2024-10-23 16:34:02.638] [debug] Auto batchsize cuda:0: 8576, time per chunk 0.028527 ms
[2024-10-23 16:34:02.638] [debug] Auto batchsize cuda:1: 8576, time per chunk 0.030928 ms
[2024-10-23 16:34:03.216] [debug] Auto batchsize cuda:1: 8640, time per chunk 0.028165 ms
[2024-10-23 16:34:03.216] [debug] Auto batchsize cuda:0: 8640, time per chunk 0.029634 ms
[2024-10-23 16:34:03.777] [debug] Auto batchsize cuda:1: 8704, time per chunk 0.028336 ms
[2024-10-23 16:34:03.777] [debug] Auto batchsize cuda:0: 8704, time per chunk 0.030623 ms
[2024-10-23 16:34:04.348] [debug] Auto batchsize cuda:0: 8768, time per chunk 0.028200 ms
[2024-10-23 16:34:04.348] [debug] Auto batchsize cuda:1: 8768, time per chunk 0.030508 ms
[2024-10-23 16:34:04.909] [debug] Auto batchsize cuda:0: 8832, time per chunk 0.027883 ms
[2024-10-23 16:34:04.909] [debug] Auto batchsize cuda:1: 8832, time per chunk 0.029804 ms
[2024-10-23 16:34:05.495] [debug] Auto batchsize cuda:1: 8896, time per chunk 0.027866 ms
[2024-10-23 16:34:05.495] [debug] Auto batchsize cuda:0: 8896, time per chunk 0.031473 ms
[2024-10-23 16:34:06.061] [debug] Auto batchsize cuda:0: 8960, time per chunk 0.029931 ms
[2024-10-23 16:34:06.061] [debug] Auto batchsize cuda:1: 8960, time per chunk 0.028704 ms
[2024-10-23 16:34:06.652] [debug] Auto batchsize cuda:0: 9024, time per chunk 0.027867 ms
[2024-10-23 16:34:06.652] [debug] Auto batchsize cuda:1: 9024, time per chunk 0.029866 ms
[2024-10-23 16:34:07.222] [debug] Auto batchsize cuda:1: 9088, time per chunk 0.028246 ms
[2024-10-23 16:34:07.222] [debug] Auto batchsize cuda:0: 9088, time per chunk 0.027198 ms
[2024-10-23 16:34:07.794] [debug] Auto batchsize cuda:0: 9152, time per chunk 0.029146 ms
[2024-10-23 16:34:07.794] [debug] Auto batchsize cuda:1: 9152, time per chunk 0.028490 ms
[2024-10-23 16:34:08.379] [debug] Auto batchsize cuda:1: 9216, time per chunk 0.028440 ms
[2024-10-23 16:34:08.379] [debug] Auto batchsize cuda:0: 9216, time per chunk 0.028614 ms
[2024-10-23 16:34:09.002] [debug] Auto batchsize cuda:1: 9280, time per chunk 0.026857 ms
[2024-10-23 16:34:09.141] [debug] Auto batchsize cuda:0: 9280, time per chunk 0.025483 ms
[2024-10-23 16:34:09.747] [debug] Auto batchsize cuda:1: 9344, time per chunk 0.026217 ms
[2024-10-23 16:34:10.055] [debug] Auto batchsize cuda:0: 9344, time per chunk 0.025464 ms
[2024-10-23 16:34:10.547] [debug] Auto batchsize cuda:1: 9408, time per chunk 0.026833 ms
[2024-10-23 16:34:10.740] [debug] Auto batchsize cuda:0: 9408, time per chunk 0.027299 ms
[2024-10-23 16:34:11.166] [debug] Auto batchsize cuda:1: 9472, time per chunk 0.027926 ms
[2024-10-23 16:34:11.310] [debug] Auto batchsize cuda:0: 9472, time per chunk 0.026226 ms
[2024-10-23 16:34:11.736] [debug] Auto batchsize cuda:1: 9536, time per chunk 0.028252 ms
[2024-10-23 16:34:11.871] [debug] Auto batchsize cuda:0: 9536, time per chunk 0.027968 ms
[2024-10-23 16:34:12.316] [debug] Auto batchsize cuda:1: 9600, time per chunk 0.026483 ms
[2024-10-23 16:34:12.437] [debug] Auto batchsize cuda:0: 9600, time per chunk 0.027925 ms
[2024-10-23 16:34:12.864] [debug] Auto batchsize cuda:1: 9664, time per chunk 0.025716 ms
[2024-10-23 16:34:13.000] [debug] Auto batchsize cuda:0: 9664, time per chunk 0.026830 ms
[2024-10-23 16:34:13.436] [debug] Auto batchsize cuda:1: 9728, time per chunk 0.026675 ms
[2024-10-23 16:34:13.570] [debug] Auto batchsize cuda:0: 9728, time per chunk 0.027084 ms
[2024-10-23 16:34:14.017] [debug] Auto batchsize cuda:1: 9792, time per chunk 0.026491 ms
[2024-10-23 16:34:14.158] [debug] Auto batchsize cuda:0: 9792, time per chunk 0.028717 ms
[2024-10-23 16:34:14.596] [debug] Auto batchsize cuda:1: 9856, time per chunk 0.027459 ms
[2024-10-23 16:34:14.736] [debug] Auto batchsize cuda:0: 9856, time per chunk 0.027088 ms
[2024-10-23 16:34:15.169] [debug] Auto batchsize cuda:1: 9920, time per chunk 0.026770 ms
[2024-10-23 16:34:15.336] [debug] Auto batchsize cuda:0: 9920, time per chunk 0.026925 ms
[2024-10-23 16:34:15.742] [debug] Auto batchsize cuda:1: 9984, time per chunk 0.026247 ms
[2024-10-23 16:34:15.917] [debug] Auto batchsize cuda:0: 9984, time per chunk 0.026791 ms
[2024-10-23 16:34:16.317] [debug] Auto batchsize cuda:1: 10048, time per chunk 0.026472 ms
[2024-10-23 16:34:16.503] [debug] Auto batchsize cuda:0: 10048, time per chunk 0.027006 ms
[2024-10-23 16:34:16.880] [debug] Auto batchsize cuda:1: 10112, time per chunk 0.026164 ms
[2024-10-23 16:34:17.071] [debug] Auto batchsize cuda:0: 10112, time per chunk 0.026245 ms
[2024-10-23 16:34:17.464] [debug] Auto batchsize cuda:1: 10176, time per chunk 0.026605 ms
[2024-10-23 16:34:17.641] [debug] Auto batchsize cuda:0: 10176, time per chunk 0.025801 ms
[2024-10-23 16:34:18.080] [debug] Auto batchsize cuda:1: 10240, time per chunk 0.026097 ms
[2024-10-23 16:34:18.100] [debug] Adding chunk timings to internal cache for GPU NVIDIA L40S, model /data1/greenbab/users/ahunos/apps/workflows/methylation_workflows/DNAme_BulkONT_Cancer_wf/.temp_dorado_model-57d727d2a4c045c/dna_r9.4.1_e8_hac@v3.3 (84 entries)
[2024-10-23 16:34:18.111] [debug] Largest batch size for cuda:1: 9664, time per chunk 0.025716 ms
[2024-10-23 16:34:18.122] [debug] Final batch size for cuda:1[0]: 5696
[2024-10-23 16:34:18.133] [debug] Final batch size for cuda:1[1]: 9664
[2024-10-23 16:34:18.215] [info] cuda:1 using chunk size 10000, batch size 5696
[2024-10-23 16:34:18.215] [debug] cuda:1 Model memory 32.08GB
[2024-10-23 16:34:18.218] [debug] cuda:1 Decode memory 13.24GB
[2024-10-23 16:34:18.215] [debug] Auto batchsize cuda:0: 10240, time per chunk 0.024971 ms
[2024-10-23 16:34:18.218] [debug] Adding chunk timings to internal cache for GPU NVIDIA L40S, model /data1/greenbab/users/ahunos/apps/workflows/methylation_workflows/DNAme_BulkONT_Cancer_wf/.temp_dorado_model-57d727d2a4c045c/dna_r9.4.1_e8_hac@v3.3 (88 entries)
[2024-10-23 16:34:18.218] [debug] Largest batch size for cuda:0: 10240, time per chunk 0.024971 ms
[2024-10-23 16:34:18.219] [debug] Final batch size for cuda:0[0]: 5696
[2024-10-23 16:34:18.219] [debug] Final batch size for cuda:0[1]: 10240
[2024-10-23 16:34:18.273] [info] cuda:0 using chunk size 10000, batch size 5696
[2024-10-23 16:34:18.284] [debug] cuda:0 Model memory 32.08GB
[2024-10-23 16:34:18.292] [debug] cuda:0 Decode memory 13.24GB
[2024-10-23 16:34:20.110] [info] cuda:1 using chunk size 5000, batch size 9664
[2024-10-23 16:34:20.110] [debug] cuda:1 Model memory 27.21GB
[2024-10-23 16:34:20.110] [debug] cuda:1 Decode memory 11.23GB
[2024-10-23 16:34:20.110] [info] cuda:0 using chunk size 5000, batch size 10240
[2024-10-23 16:34:20.134] [debug] cuda:0 Model memory 28.84GB
[2024-10-23 16:34:20.145] [debug] cuda:0 Decode memory 11.90GB
[2024-10-23 16:35:44.007] [debug] Loaded index with 3366 target seqs
[2024-10-23 16:35:47.401] [debug] BasecallerNode chunk size 10000
[2024-10-23 16:35:47.401] [debug] BasecallerNode chunk size 5000
[2024-10-23 16:35:47.431] [debug] Load reads from file /data1/greenbab/projects/methyl_benchmark_spectrum/data/raw/pod5/split_reads/results/pod5subset/split_by_sample_rate/044T_3_notV14/sample_rate-4000.pod5
